Each line contains packet number in pcap and its labels.356 weibo
357 weibo
359 weibo
364 weibo
366 weibo
367 weibo
369 weibo
371 weibo sourceforge
373 weibo sourceforge
378 weibo sourceforge
390 sourceforge
391 sourceforge
405 weibo
407 weibo
410 weibo
441 sourceforge
443 sourceforge
447 sourceforge
453 weibo
455 weibo
468 sourceforge
469 sourceforge
471 sourceforge
481 weibo
484 weibo breitbart
485 breitbart
487 breitbart
488 breitbart
492 breitbart
495 breitbart
496 breitbart
498 breitbart
500 breitbart
502 breitbart
504 sourceforge
505 sourceforge
507 breitbart
508 breitbart
510 breitbart
516 breitbart
517 breitbart
519 breitbart
520 breitbart
522 breitbart
523 breitbart
525 breitbart
526 breitbart
530 breitbart
531 breitbart
533 breitbart
534 breitbart
535 breitbart
537 breitbart
538 breitbart
539 breitbart
540 breitbart
541 breitbart
542 breitbart
543 breitbart
545 breitbart
547 breitbart
548 breitbart
551 sourceforge
553 sourceforge
555 weibo sourceforge
559 sourceforge
563 sourceforge breitbart
565 breitbart
566 breitbart
568 breitbart
569 breitbart
570 breitbart
571 breitbart
572 breitbart
573 breitbart
574 breitbart
575 breitbart
576 breitbart
577 breitbart
578 breitbart
579 breitbart
580 breitbart
581 breitbart
582 breitbart
583 breitbart
584 breitbart
585 breitbart
586 breitbart
587 breitbart
588 breitbart
589 breitbart
590 breitbart
591 breitbart
592 breitbart
593 breitbart
594 breitbart
596 breitbart
597 breitbart
598 breitbart
599 breitbart
600 breitbart
603 breitbart
605 breitbart
606 breitbart
607 breitbart
608 breitbart
609 breitbart
610 breitbart
611 breitbart
612 breitbart
613 breitbart
614 breitbart
615 breitbart
616 breitbart
617 breitbart
618 breitbart
619 breitbart
620 breitbart
621 breitbart
622 breitbart
630 breitbart
643 breitbart
645 sourceforge breitbart
646 breitbart
649 breitbart
650 breitbart
652 breitbart
653 breitbart
655 breitbart
656 breitbart
658 breitbart
659 breitbart
665 breitbart
666 breitbart
668 breitbart
669 breitbart
671 breitbart
672 breitbart
674 breitbart
675 breitbart
677 breitbart
678 breitbart
680 breitbart
681 sourceforge breitbart
683 sourceforge
684 sourceforge
686 sourceforge
687 sourceforge
689 sourceforge
690 sourceforge
692 sourceforge
693 sourceforge
699 sourceforge
701 sourceforge
703 sourceforge
705 sourceforge
707 sourceforge
709 sourceforge
711 sourceforge
713 sourceforge
715 sourceforge
717 sourceforge
719 sourceforge
721 sourceforge
723 sourceforge
725 sourceforge
727 sourceforge
729 sourceforge
731 sourceforge
733 sourceforge
735 sourceforge
737 sourceforge breitbart
739 breitbart
745 breitbart
747 breitbart
749 breitbart
751 breitbart
753 breitbart
755 breitbart
757 breitbart
759 breitbart
761 breitbart
763 breitbart
765 breitbart
767 breitbart
769 breitbart
770 breitbart
771 weibo breitbart
772 weibo
773 weibo
774 weibo
775 weibo breitbart
776 breitbart
777 breitbart
778 breitbart
779 weibo breitbart
780 weibo
781 weibo
782 weibo
783 weibo
784 weibo
786 weibo
787 weibo
788 weibo
789 weibo breitbart
790 breitbart
791 breitbart
792 breitbart
793 breitbart
794 breitbart
795 breitbart
796 breitbart
797 breitbart
798 breitbart
799 breitbart
800 breitbart
801 breitbart
802 breitbart
803 breitbart
805 breitbart
806 breitbart
807 breitbart
808 breitbart
809 breitbart
810 breitbart
811 breitbart
813 breitbart
814 breitbart
817 breitbart
818 breitbart
819 breitbart
820 breitbart
821 breitbart
822 breitbart
823 breitbart
824 breitbart
825 breitbart
826 breitbart
827 breitbart
828 breitbart
829 breitbart
830 breitbart
831 breitbart
832 breitbart
833 breitbart
834 breitbart
835 breitbart
837 breitbart
838 breitbart
840 breitbart
842 breitbart
852 breitbart
868 breitbart
870 breitbart
872 breitbart
874 breitbart
876 breitbart
878 breitbart
880 breitbart
882 breitbart
884 breitbart
886 breitbart
888 breitbart
890 breitbart
892 breitbart
895 breitbart
909 sourceforge
911 sourceforge
913 sourceforge
917 sourceforge
919 sourceforge
920 sourceforge
922 sourceforge
923 sourceforge
925 sourceforge
926 sourceforge
928 sourceforge
929 sourceforge
930 sourceforge
931 sourceforge
932 sourceforge
933 sourceforge
934 sourceforge
935 sourceforge
937 sourceforge
938 sourceforge
940 sourceforge
956 sourceforge
958 sourceforge
959 sourceforge
960 sourceforge
961 sourceforge
962 sourceforge
963 sourceforge
964 sourceforge
965 sourceforge
966 sourceforge
967 sourceforge
968 sourceforge
969 sourceforge
970 sourceforge
971 sourceforge
972 sourceforge
973 sourceforge
975 sourceforge
976 sourceforge
977 sourceforge
978 sourceforge
979 sourceforge
980 sourceforge
981 sourceforge
982 sourceforge
983 sourceforge
984 sourceforge
985 sourceforge
986 sourceforge
987 sourceforge
988 sourceforge
989 sourceforge
990 sourceforge
991 sourceforge
992 sourceforge
993 sourceforge
994 sourceforge
995 sourceforge
997 sourceforge
998 sourceforge
1001 sourceforge
1007 sourceforge
1008 sourceforge
1010 sourceforge
1011 sourceforge
1012 sourceforge
1015 sourceforge
1017 sourceforge
1018 sourceforge
1020 sourceforge
1021 sourceforge
1023 sourceforge
1024 sourceforge
1026 sourceforge
1027 sourceforge
1029 sourceforge
1030 sourceforge
1032 sourceforge
1033 sourceforge
1035 sourceforge
1036 sourceforge
1038 sourceforge
1039 sourceforge
1041 sourceforge
1042 sourceforge
1044 sourceforge
1045 sourceforge
1046 sourceforge
1048 sourceforge
1049 sourceforge
1051 sourceforge
1052 sourceforge
1054 sourceforge
1055 sourceforge
1057 sourceforge
1058 sourceforge
1060 sourceforge
1061 sourceforge
1063 sourceforge
1064 sourceforge
1065 sourceforge
1068 sourceforge
1069 sourceforge
1071 sourceforge
1072 sourceforge
1074 sourceforge
1075 sourceforge
1077 sourceforge
1078 sourceforge
1080 sourceforge
1081 sourceforge
1082 sourceforge
1084 sourceforge
1085 sourceforge
1086 sourceforge
1088 sourceforge
1089 sourceforge
1090 sourceforge
1092 sourceforge
1093 sourceforge
1094 sourceforge
1096 sourceforge
1097 sourceforge
1098 sourceforge
1100 sourceforge
1101 sourceforge
1103 sourceforge
1104 sourceforge
1106 sourceforge
1107 sourceforge
1109 sourceforge
1110 sourceforge
1112 sourceforge
1114 sourceforge
1115 sourceforge
1117 sourceforge
1118 sourceforge
1120 sourceforge
1121 sourceforge
1123 sourceforge
1127 sourceforge
1128 sourceforge
1130 sourceforge
1131 sourceforge
1133 sourceforge
1134 sourceforge
1136 sourceforge
1137 sourceforge
1139 sourceforge
1140 sourceforge
1142 sourceforge
1143 sourceforge
1145 sourceforge
1146 sourceforge
1147 sourceforge
1148 sourceforge
1149 sourceforge
1151 sourceforge
1152 sourceforge
1154 sourceforge
1159 sourceforge
1163 weibo
1165 weibo
1166 weibo
1168 weibo
1169 weibo
1171 weibo
1172 weibo
1174 weibo
1175 weibo
1177 weibo
1178 weibo
1180 weibo
1181 weibo
1188 weibo
1190 weibo breitbart
1191 breitbart
1193 weibo breitbart
1194 weibo
1196 weibo
1197 weibo
1199 weibo
1200 weibo
1206 weibo
1207 weibo
1209 weibo sourceforge
1210 weibo sourceforge
1212 weibo
1213 weibo
1215 weibo
1216 weibo
1218 weibo
1220 sourceforge
1222 weibo sourceforge
1223 sourceforge
1225 sourceforge
1226 sourceforge
1228 sourceforge
1229 sourceforge
1231 sourceforge
1232 sourceforge
1234 sourceforge
1236 sourceforge
1237 sourceforge
1239 sourceforge
1240 sourceforge
1242 sourceforge
1243 sourceforge
1245 sourceforge
1246 sourceforge
1248 sourceforge
1249 sourceforge
1251 sourceforge
1252 sourceforge
1253 sourceforge
1255 sourceforge
1256 sourceforge
1258 sourceforge
1259 sourceforge
1261 sourceforge
1262 sourceforge
1265 sourceforge
1266 sourceforge
1268 sourceforge
1269 sourceforge
1271 sourceforge
1272 sourceforge
1274 sourceforge
1275 sourceforge
1276 sourceforge
1278 sourceforge
1279 sourceforge
1280 sourceforge
1282 sourceforge
1283 sourceforge
1285 sourceforge
1286 sourceforge
1288 sourceforge
1289 sourceforge
1291 sourceforge
1292 sourceforge
1294 sourceforge
1295 sourceforge
1297 sourceforge
1298 sourceforge
1299 sourceforge
1300 sourceforge
1301 sourceforge
1302 sourceforge
1303 sourceforge
1304 sourceforge
1305 sourceforge
1310 breitbart
1311 breitbart
1312 breitbart
1313 weibo breitbart
1314 breitbart
1315 breitbart
1316 breitbart
1317 breitbart
1318 breitbart
1319 breitbart
1320 breitbart
1322 breitbart
1323 breitbart
1324 breitbart
1325 weibo
1326 weibo
1327 weibo breitbart
1328 breitbart
1329 breitbart
1331 breitbart
1332 breitbart
1337 breitbart
1338 breitbart
1340 breitbart
1341 breitbart
1343 breitbart
1344 breitbart
1346 breitbart
1347 breitbart
1349 breitbart
1350 breitbart
1351 breitbart
1352 breitbart
1353 breitbart
1354 breitbart
1355 breitbart
1356 breitbart
1357 breitbart
1358 breitbart
1359 breitbart
1360 weibo breitbart
1361 weibo
1362 weibo
1363 weibo
1366 weibo
1368 breitbart
1369 breitbart
1371 breitbart
1372 breitbart
1374 breitbart
1376 breitbart
1377 breitbart
1379 breitbart
1380 breitbart
1382 weibo breitbart
1383 weibo
1385 weibo
1386 breitbart
1388 breitbart
1389 breitbart
1391 weibo
1392 weibo
1394 weibo
1395 weibo
1397 weibo
1398 weibo
1399 weibo
1400 weibo
1401 weibo
1402 weibo
1403 weibo
1404 weibo
1405 weibo
1408 weibo
1409 weibo
1411 weibo
1413 weibo
1414 weibo
1415 weibo
1416 weibo
1417 weibo
1418 weibo
1419 weibo
1420 weibo
1421 weibo
1422 weibo
1423 weibo
1424 weibo
1425 weibo
1426 weibo
1427 weibo
1428 weibo
1429 weibo
1430 weibo
1431 weibo
1432 weibo
1433 weibo
1434 weibo
1435 weibo
1436 weibo
1437 weibo
1438 weibo
1439 weibo
1440 weibo
1441 weibo
1442 weibo
1443 weibo
1444 weibo
1445 weibo
1446 weibo
1447 weibo
1448 weibo
1449 weibo
1450 weibo
1451 weibo
1452 weibo
1453 weibo
1454 weibo
1455 weibo
1456 weibo
1457 weibo
1458 weibo
1459 weibo
1460 weibo
1462 weibo
1463 weibo
1464 weibo
1465 weibo
1466 weibo
1467 weibo
1468 weibo
1469 weibo
1470 weibo
1471 weibo
1472 weibo
1473 weibo
1474 weibo
1475 weibo
1476 weibo
1477 weibo
1478 weibo
1479 weibo
1480 weibo
1481 weibo
1482 weibo
1483 weibo
1484 weibo
1485 weibo
1486 weibo
1487 weibo
1488 weibo
1489 weibo
1490 weibo
1492 weibo
1493 weibo
1494 weibo
1495 weibo
1496 weibo
1497 weibo
1498 weibo
1499 weibo
1500 weibo
1501 weibo
1503 weibo
1504 weibo
1505 weibo
1506 weibo
1507 weibo
1508 weibo
1509 weibo
1510 weibo
1511 weibo
1512 weibo
1514 weibo
1515 weibo
1516 weibo
1517 weibo
1518 weibo
1519 weibo
1520 weibo
1521 weibo
1522 weibo
1523 weibo
1524 weibo
1525 weibo
1526 weibo
1527 weibo
1528 weibo sourceforge
1529 sourceforge
1530 sourceforge
1531 sourceforge
1532 sourceforge
1533 sourceforge
1534 sourceforge
1535 sourceforge
1536 sourceforge
1537 sourceforge
1538 sourceforge
1539 sourceforge
1540 sourceforge
1541 sourceforge
1542 sourceforge
1543 sourceforge
1544 sourceforge
1545 sourceforge
1546 sourceforge
1547 sourceforge
1548 sourceforge
1549 sourceforge
1550 weibo sourceforge
1551 weibo
1552 weibo sourceforge
1553 sourceforge
1554 sourceforge
1555 sourceforge
1556 sourceforge
1557 sourceforge
1558 sourceforge
1559 sourceforge
1560 sourceforge
1561 sourceforge
1562 sourceforge
1563 sourceforge
1564 sourceforge
1565 sourceforge
1566 sourceforge
1567 sourceforge
1568 sourceforge
1569 sourceforge
1570 sourceforge
1571 sourceforge
1572 sourceforge
1574 sourceforge
1575 sourceforge
1576 sourceforge
1577 sourceforge
1578 sourceforge
1579 sourceforge
1580 sourceforge
1581 sourceforge
1582 sourceforge
1583 sourceforge
1584 sourceforge
1585 sourceforge
1586 sourceforge
1587 sourceforge
1588 sourceforge
1589 sourceforge
1590 sourceforge
1591 sourceforge
1592 sourceforge
1597 weibo sourceforge
1598 weibo
1600 weibo
1602 weibo
1603 weibo
1605 weibo sourceforge
1606 sourceforge
1608 sourceforge
1609 sourceforge
1610 sourceforge
1612 sourceforge
1613 sourceforge
1615 sourceforge
1616 sourceforge
1617 sourceforge
1618 weibo sourceforge
1619 weibo
1620 weibo sourceforge
1621 sourceforge
1622 sourceforge
1623 weibo sourceforge
1624 weibo
1625 weibo
1626 weibo
1627 weibo
1628 weibo
1629 weibo
1630 weibo
1631 weibo
1632 weibo
1633 weibo
1634 weibo
1635 weibo
1636 weibo
1637 weibo breitbart
1638 breitbart
1639 breitbart
1640 breitbart
1641 breitbart
1642 breitbart
1643 breitbart
1644 breitbart
1645 breitbart
1646 breitbart
1647 breitbart
1648 breitbart
1649 breitbart
1650 breitbart
1651 breitbart
1652 breitbart
1653 breitbart
1654 breitbart
1655 breitbart
1656 breitbart
1657 breitbart
1658 breitbart
1659 breitbart
1660 breitbart
1661 breitbart
1662 breitbart
1663 breitbart
1664 breitbart
1666 breitbart
1667 breitbart
1668 breitbart
1669 breitbart
1670 breitbart
1671 breitbart
1672 breitbart
1673 breitbart
1674 breitbart
1675 breitbart
1676 breitbart
1677 breitbart
1678 breitbart
1679 breitbart
1680 breitbart
1681 breitbart
1682 breitbart
1683 breitbart
1684 breitbart
1685 breitbart
1686 breitbart
1687 breitbart
1688 breitbart
1689 breitbart
1690 breitbart
1691 breitbart
1692 breitbart
1693 breitbart
1694 breitbart
1695 breitbart
1696 breitbart
1697 breitbart
1698 breitbart
1699 breitbart
1700 breitbart
1701 breitbart
1702 breitbart
1706 breitbart
1709 breitbart
1710 breitbart
1712 breitbart
1713 breitbart
1714 breitbart
1715 breitbart
1716 breitbart
1717 breitbart
1723 breitbart
1725 breitbart
1726 breitbart
1728 breitbart
1729 breitbart
1733 breitbart
1734 breitbart
1736 breitbart
1737 breitbart
1739 breitbart
1740 breitbart
1742 breitbart
1743 breitbart
1745 breitbart
1746 breitbart
1748 breitbart
1749 breitbart
1751 breitbart
1753 breitbart
1759 breitbart
1760 breitbart
1762 breitbart
1763 breitbart
1765 breitbart
1766 breitbart
1768 breitbart
1769 breitbart
1771 breitbart
1772 breitbart
1774 breitbart
1775 breitbart
1777 breitbart
1778 breitbart
1780 breitbart
1781 breitbart
1783 breitbart
1784 breitbart
1786 breitbart
1787 breitbart
1789 breitbart
1790 breitbart
1792 breitbart
1793 breitbart
1795 breitbart
1796 breitbart
1798 breitbart
1799 breitbart
1801 breitbart
1802 breitbart
1804 breitbart
1805 breitbart
1807 breitbart
1808 breitbart
1810 breitbart
1812 breitbart
1814 breitbart
1815 breitbart
1817 breitbart
1818 breitbart
1820 breitbart
1821 breitbart
1823 breitbart
1824 breitbart
1827 breitbart
1828 breitbart
1830 breitbart
1831 breitbart
1833 breitbart
1834 breitbart
1836 breitbart
1837 breitbart
1839 breitbart
1840 breitbart
1842 breitbart
1843 breitbart
1845 breitbart
1846 breitbart
1848 breitbart
1850 breitbart
1852 breitbart
1854 breitbart
1856 breitbart
1858 breitbart
1860 breitbart
1862 breitbart
1864 breitbart
1866 breitbart
1868 breitbart
1871 breitbart
1873 breitbart
1874 breitbart
1876 breitbart
1877 breitbart
1879 breitbart
1880 breitbart
1882 breitbart
1883 breitbart
1885 breitbart
1886 breitbart
1888 breitbart
1889 breitbart
1891 breitbart
1892 breitbart
1894 breitbart
1895 breitbart
1897 breitbart
1898 breitbart
1900 breitbart
1901 breitbart
1903 breitbart
1904 breitbart
1906 breitbart
1907 breitbart
1909 breitbart
1910 breitbart
1912 breitbart
1913 breitbart
1915 breitbart
1916 breitbart
1918 breitbart
1919 breitbart
1921 breitbart
1922 breitbart
1924 breitbart
1925 breitbart
1927 breitbart
1928 breitbart
1930 breitbart
1931 breitbart
1933 breitbart
1934 breitbart
1936 breitbart
1937 breitbart
1939 breitbart
1940 breitbart
1942 breitbart
1943 breitbart
1945 breitbart
1946 breitbart
1948 breitbart
1949 breitbart
1951 breitbart
1952 breitbart
1954 sourceforge breitbart
1955 sourceforge
1957 sourceforge
1958 sourceforge
1960 sourceforge
1962 sourceforge
1964 sourceforge
1966 sourceforge
1971 sourceforge
1972 sourceforge
1974 weibo sourceforge
1975 weibo
1977 weibo
1978 weibo
1980 weibo
1981 weibo
1983 weibo
1984 weibo
1986 weibo
1987 weibo
1989 weibo
1990 weibo
1992 weibo
1993 weibo
1995 weibo
1996 weibo
1998 weibo
1999 weibo
2001 weibo
2002 weibo
2004 weibo
2005 weibo
2007 weibo
2008 weibo
2010 weibo
2011 weibo
2013 weibo
2014 weibo
2016 weibo
2017 weibo
2019 weibo
2020 weibo
2022 weibo
2023 weibo
2025 weibo
2026 weibo
2028 weibo
2029 weibo
2031 weibo
2032 weibo
2034 weibo
2035 weibo
2039 breitbart
2040 breitbart
2042 breitbart
2043 breitbart
2045 breitbart
2046 breitbart
2048 breitbart
2049 breitbart
2051 breitbart
2052 breitbart
2054 breitbart
2055 weibo breitbart
2057 weibo
2058 weibo
2060 weibo
2061 weibo
2063 weibo
2064 weibo
2066 weibo
2067 weibo
2069 weibo
2070 weibo
2072 weibo breitbart
2073 breitbart
2075 breitbart
2076 breitbart
2078 breitbart
2079 breitbart
2081 breitbart
2082 breitbart
2083 breitbart
2084 breitbart
2085 breitbart
2086 breitbart
2087 breitbart
2088 breitbart
2089 breitbart
2090 breitbart
2091 breitbart
2092 breitbart
2093 breitbart
2094 breitbart
2095 breitbart
2096 breitbart
2097 breitbart
2098 breitbart
2099 breitbart
2100 breitbart
2101 breitbart
2102 breitbart
2103 breitbart
2104 breitbart
2105 breitbart
2106 breitbart
2107 breitbart
2108 breitbart
2109 breitbart
2110 breitbart
2111 breitbart
2112 breitbart
2113 breitbart
2114 breitbart
2116 breitbart
2117 breitbart
2118 breitbart
2119 breitbart
2120 breitbart
2121 breitbart
2122 sourceforge breitbart
2124 weibo sourceforge
2126 weibo
2127 weibo
2128 weibo
2129 weibo
2130 weibo
2131 weibo
2132 weibo
2133 weibo
2134 weibo
2135 weibo
2136 weibo
2137 weibo
2138 weibo
2139 weibo
2140 weibo
2141 weibo
2142 weibo
2143 weibo
2144 weibo
2145 weibo
2146 weibo
2147 weibo
2148 weibo
2149 weibo
2150 weibo
2151 weibo
2152 weibo
2153 weibo
2154 weibo
2155 weibo
2156 weibo
2157 weibo
2158 weibo
2159 weibo
2160 weibo
2161 weibo
2162 weibo
2163 weibo
2164 weibo
2165 weibo
2166 weibo
2167 weibo
2168 weibo
2169 weibo
2170 weibo
2171 weibo
2172 weibo
2173 weibo
2174 weibo
2175 weibo
2176 weibo
2177 weibo
2178 weibo
2179 weibo
2180 weibo
2181 weibo
2182 weibo
2184 weibo
2185 weibo
2186 weibo
2187 weibo
2188 weibo
2189 weibo
2190 weibo
2191 weibo
2192 weibo
2193 weibo
2194 weibo
2195 weibo
2196 weibo
2197 weibo
2198 weibo
2199 weibo
2200 weibo
2201 weibo
2202 weibo
2208 weibo
2217 weibo
2218 weibo
2219 weibo
2220 weibo
2221 weibo
2222 weibo
2223 weibo
2224 weibo
2225 weibo
2226 weibo
2227 weibo
2228 weibo
2229 weibo
2230 weibo
2231 weibo
2232 weibo
2233 weibo
2234 weibo
2235 weibo
2236 weibo
2237 weibo
2238 weibo
2239 weibo
2240 weibo
2241 weibo
2242 weibo
2243 weibo
2244 weibo
2245 weibo
2246 weibo
2247 weibo
2248 weibo
2249 weibo
2250 weibo
2251 weibo
2252 weibo
2273 weibo
2274 weibo
2276 weibo
2277 weibo
2278 weibo
2279 weibo
2280 weibo
2281 weibo
2282 weibo
2283 weibo
2284 weibo
2285 weibo
2286 weibo
2287 weibo
2288 weibo
2289 weibo
2290 weibo
2291 weibo
2292 weibo
2293 weibo
2294 weibo
2295 weibo
2296 weibo
2297 weibo
2298 weibo
2299 weibo
2300 weibo
2301 weibo
2302 weibo
2303 weibo
2304 weibo
2305 weibo
2306 weibo
2307 weibo
2309 weibo
2318 weibo
2347 weibo
2348 weibo
2350 weibo
2351 weibo
2353 weibo
2355 weibo
2356 weibo breitbart
2358 weibo breitbart
2359 weibo
2361 weibo
2363 weibo
2364 weibo
2366 weibo breitbart
2367 weibo breitbart
2369 weibo
2370 weibo
2372 weibo
2373 weibo
2375 weibo
2378 weibo
2379 weibo
2381 sourceforge
2384 sourceforge
2385 sourceforge
2387 sourceforge
2388 sourceforge
2390 sourceforge
2391 sourceforge
2393 sourceforge
2394 sourceforge
2396 sourceforge
2397 sourceforge
2399 sourceforge
2400 sourceforge
2402 sourceforge
2403 sourceforge
2405 sourceforge
2406 sourceforge
2408 sourceforge
2409 sourceforge
2411 sourceforge
2412 sourceforge
2414 sourceforge
2415 sourceforge
2417 sourceforge
2418 sourceforge
2420 sourceforge
2421 sourceforge
2423 sourceforge
2429 sourceforge
2430 sourceforge
2432 sourceforge
2433 sourceforge
2435 sourceforge
2436 sourceforge
2440 sourceforge
2442 sourceforge
2444 sourceforge
2445 sourceforge breitbart
2447 breitbart
2448 breitbart
2450 breitbart
2451 breitbart
2453 breitbart
2454 breitbart
2456 breitbart
2457 breitbart
2459 weibo breitbart
2460 weibo
2462 weibo
2463 weibo
2465 weibo
2466 weibo
2468 weibo
2469 weibo breitbart
2471 breitbart
2472 breitbart
2474 breitbart
2475 breitbart
2478 breitbart
2479 breitbart
2481 breitbart
2482 breitbart
2484 breitbart
2485 breitbart
2487 breitbart
2488 breitbart
2490 weibo breitbart
2491 weibo breitbart
2493 breitbart
2494 breitbart
2496 breitbart
2497 breitbart
2499 breitbart
2500 breitbart
2502 breitbart
2503 breitbart
2505 weibo breitbart
2506 weibo
2508 weibo
2509 weibo
2511 weibo
2512 weibo
2515 breitbart
2517 breitbart
2519 weibo
2520 weibo
2524 weibo
2525 weibo
2527 weibo
2528 weibo
2530 weibo
2531 weibo
2533 weibo
2534 weibo
2536 weibo
2537 weibo
2539 weibo
2540 weibo
2546 weibo
2550 breitbart
2551 breitbart
2553 breitbart
2554 weibo breitbart
2556 weibo
2557 weibo
2559 weibo
2560 weibo
2562 weibo
2563 weibo
2565 weibo
2566 weibo
2568 weibo
2569 weibo
2571 weibo
2572 weibo
2574 weibo
2576 weibo
2577 weibo breitbart
2579 breitbart
2580 breitbart
2582 breitbart
2583 weibo breitbart
2585 weibo
2586 weibo
2588 weibo
2589 weibo
2593 weibo
2595 weibo
2596 weibo
2598 weibo
2599 weibo
2601 weibo
2602 weibo
2604 weibo
2605 weibo
2607 weibo
2609 weibo
2610 weibo
2612 weibo
2614 weibo
2617 weibo
2620 breitbart
2622 weibo breitbart
2623 weibo
2625 weibo
2626 weibo
2630 weibo breitbart
2631 breitbart
2635 weibo
2636 weibo
2638 weibo
2639 weibo
2641 weibo
2642 weibo
2644 weibo
2645 weibo
2646 weibo
2647 weibo
2648 weibo
2649 weibo
2650 weibo
2651 weibo
2652 weibo
2654 weibo
2655 weibo
2656 weibo
2657 weibo
2658 weibo
2659 weibo
2660 weibo
2661 weibo
2662 weibo
2663 weibo
2664 weibo
2665 weibo
2666 weibo
2667 weibo
2668 weibo
2669 weibo
2670 weibo
2671 weibo
2672 weibo
2674 weibo
2675 weibo
2676 weibo
2677 weibo
2678 weibo breitbart
2679 weibo
2680 weibo
2681 weibo
2682 weibo
2683 weibo
2684 weibo
2685 weibo
2687 weibo breitbart
2688 weibo breitbart
2689 weibo
2690 weibo
2691 weibo
2692 weibo
2693 weibo
2694 weibo
2695 weibo
2696 weibo
2697 weibo
2706 weibo
2707 weibo
2709 weibo
2710 weibo
2711 weibo
2712 weibo
2713 weibo
2714 weibo
2716 weibo
2717 weibo
2719 weibo
2720 weibo
2721 weibo
2722 weibo
2723 weibo
2724 weibo
2725 weibo
2726 weibo
2727 weibo
2728 weibo
2729 weibo
2730 weibo
2731 weibo
2732 weibo
2735 weibo
2743 weibo
2760 weibo
2762 weibo
2763 weibo
2765 weibo
2766 weibo
2768 weibo
2769 weibo
2771 weibo
2772 weibo
2774 weibo
2778 weibo
2801 weibo
2802 weibo
2804 weibo
2808 weibo
2809 weibo
2811 breitbart
2812 breitbart
2814 breitbart
2815 breitbart
2817 breitbart
2818 breitbart
2820 breitbart
2821 breitbart
2823 breitbart
2824 breitbart
2826 breitbart
2827 breitbart
2829 breitbart
2830 breitbart
2832 breitbart
2833 breitbart
2835 breitbart
2836 breitbart
2838 breitbart
2839 breitbart
2841 breitbart
2843 breitbart
2844 breitbart
2848 breitbart
2850 breitbart
2851 breitbart
2853 breitbart
2854 breitbart
2856 breitbart
2857 breitbart
2859 breitbart
2860 breitbart
2862 breitbart
2864 weibo breitbart
2865 weibo
2867 weibo
2874 weibo
2878 weibo
2879 weibo
2881 weibo breitbart
2882 breitbart
2884 breitbart
2885 breitbart
2887 breitbart
2888 breitbart
2893 breitbart
2895 breitbart
2896 breitbart
2898 weibo breitbart
2899 breitbart
2901 breitbart
2903 breitbart
2904 breitbart
2906 breitbart
2907 breitbart
2909 breitbart
2910 breitbart
2912 breitbart
2913 breitbart
2915 breitbart
2916 breitbart
2918 breitbart
2919 breitbart
2921 breitbart
2922 breitbart
2924 breitbart
2925 breitbart
2927 breitbart
2928 breitbart
2930 breitbart
2931 breitbart
2933 breitbart
2934 breitbart
2936 breitbart
2937 breitbart
2939 breitbart
2940 breitbart
2942 breitbart
2943 breitbart
2944 breitbart
2945 breitbart
2946 breitbart
2947 breitbart
2948 breitbart
2949 breitbart
2950 breitbart
2951 breitbart
2952 breitbart
2953 breitbart
2954 breitbart
2955 breitbart
2956 breitbart
2957 breitbart
2958 breitbart
2959 breitbart
2960 breitbart
2961 breitbart
2962 breitbart
2963 breitbart
2964 breitbart
2965 breitbart
2966 breitbart
2967 breitbart
2968 breitbart
2969 breitbart
2970 breitbart
2971 breitbart
2972 breitbart
2973 breitbart
2974 breitbart
2975 breitbart
2976 breitbart
2977 breitbart
2978 breitbart
2979 breitbart
2980 breitbart
2981 breitbart
2982 breitbart
2983 breitbart
2984 breitbart
2985 breitbart
2987 breitbart
2988 breitbart
2989 breitbart
2990 breitbart
2992 breitbart
2993 breitbart
2994 breitbart
2995 breitbart
2996 breitbart
2997 breitbart
2998 breitbart
2999 breitbart
3000 breitbart
3001 breitbart
3002 breitbart
3003 breitbart
3004 breitbart
3008 breitbart
3009 breitbart
3010 breitbart
3011 breitbart
3012 breitbart
3013 breitbart
3014 breitbart
3015 breitbart
3016 breitbart
3017 breitbart
3018 breitbart
3019 breitbart
3020 breitbart
3021 breitbart
3022 breitbart
3023 breitbart
3024 breitbart
3025 breitbart
3026 breitbart
3027 breitbart
3028 breitbart
3029 breitbart
3030 breitbart
3031 breitbart
3032 breitbart
3033 breitbart
3034 breitbart
3035 breitbart
3036 breitbart
3037 breitbart
3038 breitbart
3039 breitbart
3040 breitbart
3041 breitbart
3042 breitbart
3043 breitbart
3045 breitbart
3046 breitbart
3048 breitbart
3049 breitbart
3050 breitbart
3051 breitbart
3052 breitbart
3055 breitbart
3057 breitbart
3058 breitbart
3060 breitbart
3061 breitbart
3062 breitbart
3064 breitbart
3065 breitbart
3066 breitbart
3068 breitbart
3069 breitbart
3070 breitbart
3072 breitbart
3073 breitbart
3081 breitbart
3082 breitbart
3084 breitbart
3085 breitbart
3086 breitbart
3087 breitbart
3088 breitbart
3089 breitbart
3090 breitbart
3091 breitbart
3092 breitbart
3093 breitbart
3095 breitbart
3096 breitbart
3097 breitbart
3098 breitbart
3099 breitbart
3100 breitbart
3101 breitbart
3102 breitbart
3103 breitbart
3104 breitbart
3105 breitbart
3109 breitbart
3110 breitbart
3112 breitbart
3113 breitbart
3114 breitbart
3116 breitbart
3117 breitbart
3118 breitbart
3120 breitbart
3121 breitbart
3123 breitbart
3125 breitbart
3128 breitbart
3129 breitbart
3130 breitbart
3132 breitbart
3133 breitbart
3134 breitbart
3136 breitbart
3137 breitbart
3139 breitbart
3140 breitbart
3142 breitbart
3145 breitbart
3146 breitbart
3148 breitbart
3149 breitbart
3150 breitbart
3151 breitbart
3152 breitbart
3153 breitbart
3154 breitbart
3158 weibo
3159 weibo
3160 weibo
3161 weibo
3162 weibo
3163 weibo
3164 weibo
3165 weibo
3169 weibo
3170 weibo
3179 weibo
3181 weibo breitbart
3182 breitbart
3183 breitbart
3184 breitbart
3185 breitbart
3186 breitbart
3187 breitbart
3188 breitbart
3189 breitbart
3190 breitbart
3191 breitbart
3192 breitbart
3193 breitbart
3194 breitbart
3195 breitbart
3196 breitbart
3197 breitbart
3198 breitbart
3199 breitbart
3200 breitbart
3201 breitbart
3202 breitbart
3203 breitbart
3204 breitbart
3205 breitbart
3206 breitbart
3207 breitbart
3208 breitbart
3209 breitbart
3210 breitbart
3211 breitbart
3214 breitbart
3216 breitbart
3217 breitbart
3218 breitbart
3219 breitbart
3220 breitbart
3221 breitbart
3223 breitbart
3224 breitbart
3226 breitbart
3227 breitbart
3228 breitbart
3234 breitbart
3235 breitbart
3237 breitbart
3238 breitbart
3240 breitbart
3241 breitbart
3242 breitbart
3243 breitbart
3244 breitbart
3246 breitbart
3247 breitbart
3249 breitbart
3250 breitbart
3252 breitbart
3253 breitbart
3255 breitbart
3257 breitbart
3259 breitbart
3260 breitbart
3262 breitbart
3263 breitbart
3265 breitbart
3266 breitbart
3270 breitbart
3271 breitbart
3273 breitbart
3274 breitbart
3276 breitbart
3277 breitbart
3279 breitbart
3280 breitbart
3282 breitbart
3283 breitbart
3285 breitbart
3286 breitbart
3288 breitbart
3289 breitbart
3291 breitbart
3292 breitbart
3294 breitbart
3295 breitbart
3297 breitbart
3298 breitbart
3300 breitbart
3301 breitbart
3303 breitbart
3304 breitbart
3306 breitbart
3307 breitbart
3309 breitbart
3310 breitbart
3312 breitbart
3313 breitbart
3315 breitbart
3316 breitbart
3318 breitbart
3319 breitbart
3321 breitbart
3322 breitbart
3324 breitbart
3325 breitbart
3327 breitbart
3328 breitbart
3329 breitbart
3330 breitbart
3331 breitbart
3332 breitbart
3333 breitbart
3334 breitbart
3335 breitbart
3336 breitbart
3337 breitbart
3338 breitbart
3339 breitbart
3340 breitbart
3341 breitbart
3342 breitbart
3343 breitbart
3344 breitbart
3345 breitbart
3346 breitbart
3347 breitbart
3348 breitbart
3349 breitbart
3350 breitbart
3351 breitbart
3352 breitbart
3353 breitbart
3354 breitbart
3355 breitbart
3356 breitbart
3357 breitbart
3358 breitbart
3359 breitbart
3361 breitbart
3362 breitbart
3363 breitbart
3364 breitbart
3365 breitbart
3366 breitbart
3367 breitbart
3368 breitbart
3370 breitbart
3372 breitbart
3373 breitbart
3374 breitbart
3375 breitbart
3376 breitbart
3377 breitbart
3378 breitbart
3379 breitbart
3380 breitbart
3381 breitbart
3382 breitbart
3383 breitbart
3384 breitbart
3385 breitbart
3386 breitbart
3387 breitbart
3388 breitbart
3389 breitbart
3390 breitbart
3391 breitbart
3392 breitbart
3393 breitbart
3394 breitbart
3395 breitbart
3396 breitbart
3397 breitbart
3398 breitbart
3399 breitbart
3400 breitbart
3401 breitbart
3402 breitbart
3403 breitbart
3404 breitbart
3405 breitbart
3406 breitbart
3407 breitbart
3408 breitbart
3409 breitbart
3410 breitbart
3411 breitbart
3412 breitbart
3413 breitbart
3414 breitbart
3415 breitbart
3416 breitbart
3417 breitbart
3418 breitbart
3419 breitbart
3420 breitbart
3421 breitbart
3422 breitbart
3423 breitbart
3424 breitbart
3425 breitbart
3426 breitbart
3427 breitbart
3428 breitbart
3429 breitbart
3430 breitbart
3431 breitbart
3432 breitbart
3433 breitbart
3434 breitbart
3435 breitbart
3436 breitbart
3437 breitbart
3438 breitbart
3439 breitbart
3441 breitbart
3442 breitbart
3443 breitbart
3444 breitbart
3445 breitbart
3446 breitbart
3447 breitbart
3448 breitbart
3449 breitbart
3450 breitbart
3451 breitbart
3452 breitbart
3453 breitbart
3454 breitbart
3455 breitbart
3456 breitbart
3457 breitbart
3458 breitbart
3459 breitbart
3460 breitbart
3461 breitbart
3462 breitbart
3463 breitbart
3464 breitbart
3465 breitbart
3466 breitbart
3467 breitbart
3468 breitbart
3469 breitbart
3470 breitbart
3471 breitbart
3472 breitbart
3473 breitbart
3474 breitbart
3475 breitbart
3476 breitbart
3483 breitbart
3484 breitbart
3486 breitbart
3487 breitbart
3488 breitbart
3490 breitbart
3491 breitbart
3492 breitbart
3494 breitbart
3495 breitbart
3496 breitbart
3498 breitbart
3499 breitbart
3501 breitbart
3502 breitbart
3504 breitbart
3505 breitbart
3506 breitbart
3507 breitbart
3509 breitbart
3510 breitbart
3511 breitbart
3513 breitbart
3517 breitbart
3518 breitbart
3520 breitbart
3521 breitbart
3522 breitbart
3523 breitbart
3525 breitbart
3526 breitbart
3527 breitbart
3529 breitbart
3530 breitbart
3532 breitbart
3533 breitbart
3534 breitbart
3535 breitbart
3537 breitbart
3538 breitbart
3540 breitbart
3541 breitbart
3542 breitbart
3543 breitbart
3545 breitbart
3546 breitbart
3549 breitbart
3550 breitbart
3552 breitbart
3553 breitbart
3554 breitbart
3555 breitbart
3556 breitbart
3558 breitbart
3559 breitbart
3561 breitbart
3566 breitbart
3567 breitbart
3569 breitbart
3578 breitbart
3579 breitbart
3581 breitbart
3583 breitbart
3584 breitbart
3586 breitbart
3587 breitbart
3589 breitbart
